<?xml version="1.0" encoding="UTF-8"?>
<!-- Generated by org.testng.reporters.JUnitReportReporter -->
<testsuite hostname="mindc1d290" failures="0" tests="1" name="mindtree.example.fetch" time="2.963" errors="0" timestamp="23 May 2022 09:19:59 GMT" skipped="0">
  <testcase classname="mindtree.example.fetch" name="Test1" time="2.963"/>
</testsuite> <!-- mindtree.example.fetch -->
